SF:lib/src/app.dart
DA:6,1
DA:8,1
DA:11,2
DA:12,1
DA:14,1
LF:5
LH:5
end_of_record
SF:lib/src/features/jokes/views/joke_page.dart
DA:14,3
DA:15,3
DA:18,1
DA:20,1
DA:21,1
DA:22,1
DA:25,1
DA:26,1
DA:28,1
DA:32,1
DA:36,1
DA:46,1
DA:48,1
DA:50,2
DA:51,1
DA:52,2
DA:53,2
DA:54,3
DA:55,0
DA:61,1
DA:65,1
DA:67,1
DA:69,1
DA:70,1
DA:71,3
DA:79,1
DA:80,1
DA:82,2
DA:84,1
DA:85,1
DA:86,1
DA:87,1
DA:88,4
LF:33
LH:32
end_of_record
SF:lib/src/core/providers/package_info_provider.dart
DA:5,3
DA:6,2
LF:2
LH:2
end_of_record
SF:lib/src/core/widgets/app_version.dart
DA:7,1
DA:9,2
DA:11,3
DA:12,0
DA:13,0
LF:5
LH:3
end_of_record
SF:lib/src/features/jokes/views/widgets/joke_available.dart
DA:6,1
DA:9,1
DA:13,1
DA:15,1
DA:16,1
DA:18,1
DA:20,1
DA:21,2
DA:22,1
DA:24,1
DA:25,1
DA:26,1
DA:27,2
DA:28,1
DA:32,1
DA:33,2
DA:34,1
DA:38,1
DA:39,2
DA:40,2
LF:20
LH:20
end_of_record
SF:lib/src/features/jokes/views/widgets/loading.dart
DA:4,2
DA:6,1
DA:8,1
LF:3
LH:3
end_of_record
